<?xml version="1.0" encoding="UTF-8"?>
<testng-results ignored="0" total="1" passed="1" failed="0" skipped="0">
  <reporter-output>
    <line>
      <![CDATA[Home Page is Displayed]]>
    </line>
  </reporter-output>
  <suite started-at="2023-06-26T19:53:58 IST" name="Suite" finished-at="2023-06-26T19:54:40 IST" duration-ms="42130">
    <groups>
    </groups>
    <test started-at="2023-06-26T19:53:58 IST" name="Test" finished-at="2023-06-26T19:54:40 IST" duration-ms="42130">
      <class name="script.ValidLogin">
        <test-method is-config="true" signature="preCondition(java.lang.String,java.lang.String,java.lang.String,java.lang.String)[pri:0, instance:script.ValidLogin@243c4f91]" started-at="2023-06-26T19:53:58 IST" name="preCondition" finished-at="2023-06-26T19:54:22 IST" duration-ms="23946" status="PASS">
          <params>
            <param index="0">
              <value>
                <![CDATA[https://demo.actitime.com]]>
              </value>
            </param>
            <param index="1">
              <value>
                <![CDATA[chrome]]>
              </value>
            </param>
            <param index="2">
              <value>
                <![CDATA[9]]>
              </value>
            </param>
            <param index="3">
              <value>
                <![CDATA[7]]>
              </value>
            </param>
          </params>
          <reporter-output>
          </reporter-output>
        </test-method> <!-- preCondition -->
        <test-method signature="testValidLogin()[pri:1, instance:script.ValidLogin@243c4f91]" started-at="2023-06-26T19:54:22 IST" name="testValidLogin" finished-at="2023-06-26T19:54:40 IST" duration-ms="18053" status="PASS">
          <reporter-output>
            <line>
              <![CDATA[Home Page is Displayed]]>
            </line>
          </reporter-output>
        </test-method> <!-- testValidLogin -->
        <test-method is-config="true" signature="postCondition()[pri:0, instance:script.ValidLogin@243c4f91]" started-at="2023-06-26T19:54:40 IST" name="postCondition" finished-at="2023-06-26T19:54:40 IST" duration-ms="111" status="PASS">
          <reporter-output>
          </reporter-output>
        </test-method> <!-- postCondition -->
      </class> <!-- script.ValidLogin -->
    </test> <!-- Test -->
  </suite> <!-- Suite -->
</testng-results>
